<?xml version="1.0" encoding="UTF-8"?>
<!-- Generated by org.testng.reporters.JUnitReportReporter -->
<testsuite hostname="DESKTOP-O2MGJE7" failures="0" tests="1" name="scripts.TestCase2" time="33.377" errors="0" timestamp="2023-01-11T20:12:44 IST" skipped="0">
  <testcase classname="scripts.TestCase2" name="tc2" time="33.377"/>
  <system-out/>
</testsuite> <!-- scripts.TestCase2 -->
