<?xml version="1.0" encoding="UTF-8"?>
<!-- Generated by org.testng.reporters.JUnitReportReporter -->
<testsuite hostname="DESKTOP-O2MGJE7" failures="0" tests="1" name="scripts.TestCase1" time="47.770" errors="0" timestamp="2023-01-11T20:12:44 IST" skipped="0">
  <testcase classname="scripts.TestCase1" name="tc1" time="47.770"/>
  <system-out>
    <![CDATA[LoginPage Navigated with expected title  
DemoPage StoreFront&Administration Navigated with expected title  
HomePage Navigated with expected title  ]]>
  </system-out>
</testsuite> <!-- scripts.TestCase1 -->
